<?xml version="1.0" encoding="UTF-8"?>
<testsuites name="Azure" tests="2" failures="0" time="3">
<testsuite name="Scenario : Rest, Test Case : GET" id="2279f2df-6e30-4d3e-a34e-b2bcf7069ebf" timestamp="2020-08-07T01:12:22.022Z" tests="5" failures="0" errors="0" time="2">
<testcase name="setEndPoint : End point set : https://reqres.in/api/users?page=2" time="07-aug-2020 01:12:22.022" classname="Scenario : Rest, Test Case : GET"/>
<testcase name="getRestRequest : Status code is : 200" time="07-aug-2020 01:12:24.024" classname="Scenario : Rest, Test Case : GET"/>
<testcase name="getRestRequest : Response received in : 0,34 seconds" time="07-aug-2020 01:12:24.024" classname="Scenario : Rest, Test Case : GET"/>
<testcase name="storeResponseBodyInDataSheet : Response body is stored in RestData:Response" time="07-aug-2020 01:12:24.024" classname="Scenario : Rest, Test Case : GET"/>
<testcase name="closeConnection : Connection is closed" time="07-aug-2020 01:12:24.024" classname="Scenario : Rest, Test Case : GET"/>
</testsuite>
<testsuite name="Scenario : Rest, Test Case : POST" id="75755eeb-c853-495c-b4e5-7010290b47cc" timestamp="2020-08-07T01:12:24.024Z" tests="7" failures="0" errors="0" time="1">
<testcase name="setEndPoint : End point set : https://reqres.in/api/users" time="07-aug-2020 01:12:24.024" classname="Scenario : Rest, Test Case : POST"/>
<testcase name="postRestRequest : Status code is : 201" time="07-aug-2020 01:12:24.024" classname="Scenario : Rest, Test Case : POST"/>
<testcase name="postRestRequest : Response received in : 0,08 seconds" time="07-aug-2020 01:12:24.024" classname="Scenario : Rest, Test Case : POST"/>
<testcase name="storeResponseBodyInDataSheet : Response body is stored in RestData:Response" time="07-aug-2020 01:12:24.024" classname="Scenario : Rest, Test Case : POST"/>
<testcase name="assertResponseCode : Status code is : 201" time="07-aug-2020 01:12:25.025" classname="Scenario : Rest, Test Case : POST"/>
<testcase name="storeJSONelementInDataSheet : Element text [237] is stored in RestData:ID" time="07-aug-2020 01:12:25.025" classname="Scenario : Rest, Test Case : POST"/>
<testcase name="closeConnection : Connection is closed" time="07-aug-2020 01:12:25.025" classname="Scenario : Rest, Test Case : POST"/>
</testsuite>
</testsuites>